<?xml version="1.0" encoding="UTF-8" standalone="no"?>
<!DOCTYPE log SYSTEM "logger.dtd">
<log>
<record>
  <date>2019-01-25T00:40:03</date>
  <millis>1548373203866</millis>
  <sequence>0</sequence>
  <logger>com.jannemec.fxmlrpi.FXMLDocumentController</logger>
  <level>CONFIG</level>
  <class>com.jannemec.fxmlrpi.FXMLDocumentController</class>
  <method>initialize</method>
  <thread>13</thread>
  <message>Logger Configuration done.</message>
</record>
<record>
  <date>2019-01-25T00:40:03</date>
  <millis>1548373203927</millis>
  <sequence>1</sequence>
  <logger>com.jannemec.fxmlrpi.FXMLDocumentController</logger>
  <level>SEVERE</level>
  <class>com.jannemec.fxmlrpi.FXMLDocumentController</class>
  <method>initialize</method>
  <thread>13</thread>
  <exception>
    <message>java.sql.SQLException: path to 'C:\rpi\RPiGPIOFX/Dokumenty/rpi/RPiGPIOFX/src/dbf/datalog.sqlite': 'C:\rpi\RPiGPIOFX\Dokumenty' does not exist</message>
    <frame>
      <class>org.sqlite.core.CoreConnection</class>
      <method>open</method>
      <line>192</line>
    </frame>
    <frame>
      <class>org.sqlite.core.CoreConnection</class>
      <method>&lt;init&gt;</method>
      <line>76</line>
    </frame>
    <frame>
      <class>org.sqlite.jdbc3.JDBC3Connection</class>
      <method>&lt;init&gt;</method>
      <line>25</line>
    </frame>
    <frame>
      <class>org.sqlite.jdbc4.JDBC4Connection</class>
      <method>&lt;init&gt;</method>
      <line>24</line>
    </frame>
    <frame>
      <class>org.sqlite.SQLiteConnection</class>
      <method>&lt;init&gt;</method>
      <line>45</line>
    </frame>
    <frame>
      <class>org.sqlite.JDBC</class>
      <method>createConnection</method>
      <line>114</line>
    </frame>
    <frame>
      <class>org.sqlite.JDBC</class>
      <method>connect</method>
      <line>88</line>
    </frame>
    <frame>
      <class>java.sql.DriverManager</class>
      <method>getConnection</method>
      <line>664</line>
    </frame>
    <frame>
      <class>java.sql.DriverManager</class>
      <method>getConnection</method>
      <line>270</line>
    </frame>
    <frame>
      <class>com.jannemec.tools.Tools</class>
      <method>dbfConnect</method>
      <line>70</line>
    </frame>
    <frame>
      <class>com.jannemec.fxmlrpi.FXMLDocumentController</class>
      <method>initialize</method>
      <line>234</line>
    </frame>
    <frame>
      <class>javafx.fxml.FXMLLoader</class>
      <method>loadImpl</method>
      <line>2548</line>
    </frame>
    <frame>
      <class>javafx.fxml.FXMLLoader</class>
      <method>loadImpl</method>
      <line>2441</line>
    </frame>
    <frame>
      <class>javafx.fxml.FXMLLoader</class>
      <method>loadImpl</method>
      <line>3230</line>
    </frame>
    <frame>
      <class>javafx.fxml.FXMLLoader</class>
      <method>loadImpl</method>
      <line>3191</line>
    </frame>
    <frame>
      <class>javafx.fxml.FXMLLoader</class>
      <method>loadImpl</method>
      <line>3164</line>
    </frame>
    <frame>
      <class>javafx.fxml.FXMLLoader</class>
      <method>loadImpl</method>
      <line>3140</line>
    </frame>
    <frame>
      <class>javafx.fxml.FXMLLoader</class>
      <method>loadImpl</method>
      <line>3120</line>
    </frame>
    <frame>
      <class>javafx.fxml.FXMLLoader</class>
      <method>load</method>
      <line>3113</line>
    </frame>
    <frame>
      <class>com.jannemec.fxmlrpi.RPiGPIOFX</class>
      <method>start</method>
      <line>28</line>
    </frame>
    <frame>
      <class>com.sun.javafx.application.LauncherImpl$8</class>
      <method>run</method>
      <line>837</line>
    </frame>
    <frame>
      <class>com.sun.javafx.application.PlatformImpl$7</class>
      <method>run</method>
      <line>335</line>
    </frame>
    <frame>
      <class>com.sun.javafx.application.PlatformImpl$6$1</class>
      <method>run</method>
      <line>301</line>
    </frame>
    <frame>
      <class>com.sun.javafx.application.PlatformImpl$6$1</class>
      <method>run</method>
      <line>298</line>
    </frame>
    <frame>
      <class>java.security.AccessController</class>
      <method>doPrivileged</method>
    </frame>
    <frame>
      <class>com.sun.javafx.application.PlatformImpl$6</class>
      <method>run</method>
      <line>298</line>
    </frame>
    <frame>
      <class>com.sun.glass.ui.InvokeLaterDispatcher$Future</class>
      <method>run</method>
      <line>95</line>
    </frame>
    <frame>
      <class>com.sun.glass.ui.win.WinApplication</class>
      <method>_runLoop</method>
    </frame>
    <frame>
      <class>com.sun.glass.ui.win.WinApplication</class>
      <method>access$300</method>
      <line>39</line>
    </frame>
    <frame>
      <class>com.sun.glass.ui.win.WinApplication$4$1</class>
      <method>run</method>
      <line>112</line>
    </frame>
    <frame>
      <class>java.lang.Thread</class>
      <method>run</method>
      <line>745</line>
    </frame>
  </exception>
</record>
</log>
